D:\GMHax\gmcl_samurai_win32\Release\cl.command.1.tlog
D:\GMHax\gmcl_samurai_win32\Release\CL.read.1.tlog
D:\GMHax\gmcl_samurai_win32\Release\CL.write.1.tlog
D:\GMHAX\GMCL_SAMURAI_WIN32\RELEASE\GMCL_SAMURAI_WIN32.DLL.INTERMEDIATE.MANIFEST
D:\GMHax\gmcl_samurai_win32\Release\gmcl_samurai_win32.vcxprojResolveAssemblyReference.cache
D:\GMHax\gmcl_samurai_win32\Release\gmcl_samurai_win32.write.1.tlog
D:\GMHax\gmcl_samurai_win32\Release\link.command.1.tlog
D:\GMHax\gmcl_samurai_win32\Release\link.read.1.tlog
D:\GMHax\gmcl_samurai_win32\Release\link.write.1.tlog
D:\GMHAX\GMCL_SAMURAI_WIN32\RELEASE\MAIN.OBJ
D:\GMHAX\GMCL_SAMURAI_WIN32\RELEASE\MEMOBJ.OBJ
D:\GMHax\gmcl_samurai_win32\Release\mt.command.1.tlog
D:\GMHax\gmcl_samurai_win32\Release\mt.read.1.tlog
D:\GMHax\gmcl_samurai_win32\Release\mt.write.1.tlog
D:\GMHAX\GMCL_SAMURAI_WIN32\RELEASE\STATE.OBJ
D:\GMHAX\GMCL_SAMURAI_WIN32\RELEASE\STRUCT.OBJ
D:\GMHax\gmcl_samurai_win32\Release\vc100.pdb
D:\GMHAX\RELEASE\GMCL_SAMURAI_WIN32.DLL
D:\GMHax\Release\gmcl_samurai_win32.exp
D:\GMHax\Release\gmcl_samurai_win32.lib
D:\GMHAX\RELEASE\GMCL_SAMURAI_WIN32.PDB
